Build started 9/2/2015 1:35:26 PM.
     1>Project "C:\Users\damr2\Desktop\Abstract Data Types RD TD JP\Abstract Data Types RD TD JP\Abstract Data Types RD TD JP.vcxproj" on node 2 (build target(s)).
     1>InitializeBuildStatus:
         Touching "Debug\Abstract Data Types RD TD JP.unsuccessfulbuild".
       ClCompile:
         c:\Program Files (x86)\Microsoft Visual Studio 10.0\VC\bin\CL.exe /c /ZI /nologo /W3 /WX- /Od /Oy- /D WIN32 /D _DEBUG /D _CONSOLE /D _UNICODE /D UNICODE /Gm /EHsc /RTC1 /MDd /GS /fp:precise /Zc:wchar_t /Zc:forScope /Fo"Debug\\" /Fd"Debug\vc100.pdb" /Gd /TP /analyze- /errorReport:prompt "Abstract Data Types Actual RD TD JP.cpp"
         Abstract Data Types Actual RD TD JP.cpp
       ManifestResourceCompile:
         All outputs are up-to-date.
       Link:
         c:\Program Files (x86)\Microsoft Visual Studio 10.0\VC\bin\link.exe /ERRORREPORT:PROMPT /OUT:"C:\Users\damr2\Desktop\Abstract Data Types RD TD JP\Debug\Abstract Data Types RD TD JP.exe" /INCREMENTAL /NOLOGO kernel32.lib user32.lib gdi32.lib winspool.lib comdlg32.lib advapi32.lib shell32.lib ole32.lib oleaut32.lib uuid.lib odbc32.lib odbccp32.lib /MANIFEST /ManifestFile:"Debug\Abstract Data Types RD TD JP.exe.intermediate.manifest" /MANIFESTUAC:"level='asInvoker' uiAccess='false'" /DEBUG /PDB:"C:\Users\damr2\Desktop\Abstract Data Types RD TD JP\Debug\Abstract Data Types RD TD JP.pdb" /SUBSYSTEM:CONSOLE /TLBID:1 /DYNAMICBASE /NXCOMPAT /IMPLIB:"C:\Users\damr2\Desktop\Abstract Data Types RD TD JP\Debug\Abstract Data Types RD TD JP.lib" /MACHINE:X86 "Debug\Abstract Data Types RD TD JP.exe.embed.manifest.res"
         "Debug\Abstract Data Types Actual RD TD JP.obj"
       Manifest:
         C:\Program Files (x86)\Microsoft SDKs\Windows\v7.0A\bin\mt.exe /nologo /verbose /out:"Debug\Abstract Data Types RD TD JP.exe.embed.manifest" /manifest "Debug\Abstract Data Types RD TD JP.exe.intermediate.manifest"
         All outputs are up-to-date.
       LinkEmbedManifest:
         All outputs are up-to-date.
         Abstract Data Types RD TD JP.vcxproj -> C:\Users\damr2\Desktop\Abstract Data Types RD TD JP\Debug\Abstract Data Types RD TD JP.exe
       FinalizeBuildStatus:
         Deleting file "Debug\Abstract Data Types RD TD JP.unsuccessfulbuild".
         Touching "Debug\Abstract Data Types RD TD JP.lastbuildstate".
     1>Done Building Project "C:\Users\damr2\Desktop\Abstract Data Types RD TD JP\Abstract Data Types RD TD JP\Abstract Data Types RD TD JP.vcxproj" (build target(s)).

Build succeeded.

Time Elapsed 00:00:00.71
